-------------------------------------------------------------------------------
Test set: SpringWebApplicationTests
-------------------------------------------------------------------------------
Tests run: 1, Failures: 0, Errors: 1, Skipped: 0, Time elapsed: 0.385 s <<< FAILURE! - in SpringWebApplicationTests
SpringWebApplicationTests  Time elapsed: 0.384 s  <<< ERROR!
java.lang.IllegalStateException: Unable to find a @SpringBootConfiguration, you need to use @ContextConfiguration or @SpringBootTest(classes=...) with your test

